#
# There is insufficient memory for the Java Runtime Environment to continue.
# Native memory allocation (mmap) failed to map 117440512 bytes for Failed to commit area from 0x0000000090000000 to 0x0000000097000000 of length 117440512.
# Possible reasons:
#   The system is out of physical RAM or swap space
#   The process is running with CompressedOops enabled, and the Java Heap may be blocking the growth of the native heap
# Possible solutions:
#   Reduce memory load on the system
#   Increase physical memory or swap space
#   Check if swap backing store is full
#   Decrease Java heap size (-Xmx/-Xms)
#   Decrease number of Java threads
#   Decrease Java thread stack sizes (-Xss)
#   Set larger code cache with -XX:ReservedCodeCacheSize=
# This output file may be truncated or incomplete.
#
#  Out of Memory Error (t:/workspace/open/src/hotspot/os/windows/os_windows.cpp:3269), pid=8840, tid=2972
#
# JRE version:  (11.0.1+13) (build )
# Java VM: Java HotSpot(TM) 64-Bit Server VM (11.0.1+13-LTS, mixed mode, aot, sharing, tiered, compressed oops, g1 gc, windows-amd64)
# No core dump will be written. Minidumps are not enabled by default on client versions of Windows
#

---------------  S U M M A R Y ------------

Command Line: -Dfile.encoding=Cp1252 --module-path=C:\Users\ram\git\Module1\Module1\bin -Djdk.module.main=Module1 Module1/Module5.AddtheDigitsfor

Host: Intel(R) Xeon(R) CPU E5-2673 v4 @ 2.30GHz, 2 cores, 6G,  Windows 10 , 64 bit Build 17134 (10.0.17134.1)
Time: Tue Dec  4 16:52:39 2018 Coordinated Universal Time elapsed time: 0 seconds (0d 0h 0m 0s)

---------------  T H R E A D  ---------------

Current thread (0x000001bf89b5d800):  JavaThread "Unknown thread" [_thread_in_vm, id=2972, stack(0x0000001b61400000,0x0000001b61500000)]

Stack: [0x0000001b61400000,0x0000001b61500000]
Native frames: (J=compiled Java code, j=interpreted, Vv=VM code, C=native code)
V  [jvm.dll+0x63c21a]
V  [jvm.dll+0x7797df]
V  [jvm.dll+0x77adca]
V  [jvm.dll+0x77b483]
V  [jvm.dll+0x2627f8]
V  [jvm.dll+0x6396ca]
V  [jvm.dll+0x62dfa5]
V  [jvm.dll+0x31699c]
V  [jvm.dll+0x316822]
V  [jvm.dll+0x31c096]
V  [jvm.dll+0x36842f]
V  [jvm.dll+0x367e50]
V  [jvm.dll+0x2f38b8]
V  [jvm.dll+0x2f4a16]
V  [jvm.dll+0x752da7]
V  [jvm.dll+0x7544ef]
V  [jvm.dll+0x375269]
V  [jvm.dll+0x7394a9]
V  [jvm.dll+0x3e467d]
V  [jvm.dll+0x3e6951]
C  [javaw.exe+0x3613]
C  [javaw.exe+0x17e2c]
C  [KERNEL32.DLL+0x13034]
C  [ntdll.dll+0x71471]


---------------  P R O C E S S  ---------------

Threads class SMR info:
_java_thread_list=0x000001bf87aa2230, length=0, elements={
}

Java Threads: ( => current thread )

Other Threads:
  0x000001bf89b72000 GCTaskThread "GC Thread#0" [stack: 0x0000001b61500000,0x0000001b61600000] [id=9232]
  0x000001bf89b9d000 ConcurrentGCThread "G1 Main Marker" [stack: 0x0000001b61600000,0x0000001b61700000] [id=13928]
  0x000001bf89ba0000 ConcurrentGCThread "G1 Conc#0" [stack: 0x0000001b61700000,0x0000001b61800000] [id=10992]

[error occurred during error reporting (printing all threads), id 0xc0000005, EXCEPTION_ACCESS_VIOLATION (0xc0000005) at pc=0x00007ffd5f642137]

VM state:not at safepoint (not fully initialized)

VM Mutex/Monitor currently owned by a thread:  ([mutex/lock_event])
[0x000001bf89b5c9b0] Heap_lock - owner thread: 0x000001bf89b5d800

Heap address: 0x0000000090000000, size: 1792 MB, Compressed Oops mode: Non-zero based: 0x0000000090000000
Narrow klass base: 0x0000000000000000, Narrow klass shift: 0

GC Heap History (0 events):
No events

Deoptimization events (0 events):
No events

Classes redefined (0 events):
No events

Internal exceptions (0 events):
No events

Events (0 events):
No events


Dynamic libraries:
0x00007ff61f8e0000 - 0x00007ff61f927000 	C:\Program Files\Java\jdk-11.0.1\bin\javaw.exe
0x00007ffd8be60000 - 0x00007ffd8c041000 	C:\windows\SYSTEM32\ntdll.dll
0x00007ffd8b2f0000 - 0x00007ffd8b3a2000 	C:\windows\System32\KERNEL32.DLL
0x00007ffd88230000 - 0x00007ffd884a3000 	C:\windows\System32\KERNELBASE.dll
0x00007ffd8aba0000 - 0x00007ffd8ac41000 	C:\windows\System32\ADVAPI32.dll
0x00007ffd8b6d0000 - 0x00007ffd8b76e000 	C:\windows\System32\msvcrt.dll
0x00007ffd8af80000 - 0x00007ffd8afdb000 	C:\windows\System32\sechost.dll
0x00007ffd8b160000 - 0x00007ffd8b284000 	C:\windows\System32\RPCRT4.dll
0x00007ffd8a830000 - 0x00007ffd8a9c0000 	C:\windows\System32\USER32.dll
0x00007ffd88560000 - 0x00007ffd88580000 	C:\windows\System32\win32u.dll
0x00007ffd8a7e0000 - 0x00007ffd8a808000 	C:\windows\System32\GDI32.dll
0x00007ffd89150000 - 0x00007ffd892e2000 	C:\windows\System32\gdi32full.dll
0x00007ffd887f0000 - 0x00007ffd8888f000 	C:\windows\System32\msvcp_win.dll
0x00007ffd88940000 - 0x00007ffd88a3a000 	C:\windows\System32\ucrtbase.dll
0x00007ffd77d80000 - 0x00007ffd77fe9000 	C:\windows\WinSxS\amd64_microsoft.windows.common-controls_6595b64144ccf1df_6.0.17134.407_none_fb449d63306391e9\COMCTL32.dll
0x00007ffd8ac50000 - 0x00007ffd8af72000 	C:\windows\System32\combase.dll
0x00007ffd7fb50000 - 0x00007ffd7fb5a000 	C:\windows\SYSTEM32\VERSION.dll
0x00007ffd88770000 - 0x00007ffd887ea000 	C:\windows\System32\bcryptPrimitives.dll
0x00007ffd89370000 - 0x00007ffd8939d000 	C:\windows\System32\IMM32.DLL
0x00007ffd707d0000 - 0x00007ffd707e6000 	C:\Program Files\Java\jdk-11.0.1\bin\vcruntime140.dll
0x00007ffd630d0000 - 0x00007ffd6317a000 	C:\Program Files\Java\jdk-11.0.1\bin\msvcp140.dll
0x00007ffd5f340000 - 0x00007ffd5fe82000 	C:\Program Files\Java\jdk-11.0.1\bin\server\jvm.dll
0x00007ffd8b6c0000 - 0x00007ffd8b6c8000 	C:\windows\System32\PSAPI.DLL
0x00007ffd72420000 - 0x00007ffd72429000 	C:\windows\SYSTEM32\WSOCK32.dll
0x00007ffd8ab30000 - 0x00007ffd8ab9c000 	C:\windows\System32\WS2_32.dll
0x00007ffd863d0000 - 0x00007ffd863f3000 	C:\windows\SYSTEM32\WINMM.dll
0x00007ffd85f70000 - 0x00007ffd85f9a000 	C:\windows\SYSTEM32\WINMMBASE.dll
0x00007ffd88510000 - 0x00007ffd88559000 	C:\windows\System32\cfgmgr32.dll
0x00007ffd88210000 - 0x00007ffd88221000 	C:\windows\System32\kernel.appcore.dll
0x00007ffd7d640000 - 0x00007ffd7d651000 	C:\Program Files\Java\jdk-11.0.1\bin\verify.dll
0x00007ffd79ce0000 - 0x00007ffd79ea9000 	C:\windows\SYSTEM32\DBGHELP.DLL
0x00007ffd7a3f0000 - 0x00007ffd7a419000 	C:\windows\SYSTEM32\dbgcore.DLL
0x00007ffd725c0000 - 0x00007ffd725e9000 	C:\Program Files\Java\jdk-11.0.1\bin\java.dll
0x00007ffd72570000 - 0x00007ffd72586000 	C:\Program Files\Java\jdk-11.0.1\bin\zip.dll
0x00007ffd77ae0000 - 0x00007ffd77aea000 	C:\Program Files\Java\jdk-11.0.1\bin\jimage.dll

dbghelp: loaded successfully - version: 4.0.5 - missing functions: none
symbol engine: initialized successfully - sym options: 0x614 - pdb path: .;C:\Program Files\Java\jdk-11.0.1\bin;C:\windows\SYSTEM32;C:\windows\WinSxS\amd64_microsoft.windows.common-controls_6595b64144ccf1df_6.0.17134.407_none_fb449d63306391e9;C:\Program Files\Java\jdk-11.0.1\bin\server

VM Arguments:
jvm_args: -Dfile.encoding=Cp1252 --module-path=C:\Users\ram\git\Module1\Module1\bin -Djdk.module.main=Module1 
java_command: Module1/Module5.AddtheDigitsfor
java_class_path (initial): <not set>
Launcher Type: SUN_STANDARD

[Global flags]
     intx CICompilerCount                          = 2                                         {product} {ergonomic}
     uint ConcGCThreads                            = 1                                         {product} {ergonomic}
     uint G1ConcRefinementThreads                  = 2                                         {product} {ergonomic}
   size_t G1HeapRegionSize                         = 1048576                                   {product} {ergonomic}
    uintx GCDrainStackTargetSize                   = 64                                        {product} {ergonomic}
   size_t InitialHeapSize                          = 117440512                                 {product} {ergonomic}
   size_t MarkStackSize                            = 4194304                                   {product} {ergonomic}
   size_t MaxHeapSize                              = 1879048192                                {product} {ergonomic}
   size_t MinHeapDeltaBytes                        = 1048576                                   {product} {ergonomic}
    uintx NonNMethodCodeHeapSize                   = 5824844                                {pd product} {ergonomic}
    uintx NonProfiledCodeHeapSize                  = 122916698                              {pd product} {ergonomic}
    uintx ProfiledCodeHeapSize                     = 122916698                              {pd product} {ergonomic}
    uintx ReservedCodeCacheSize                    = 251658240                              {pd product} {ergonomic}
     bool SegmentedCodeCache                       = true                                      {product} {ergonomic}
     bool UseCompressedClassPointers               = true                                 {lp64_product} {ergonomic}
     bool UseCompressedOops                        = true                                 {lp64_product} {ergonomic}
     bool UseG1GC                                  = true                                      {product} {ergonomic}
     bool UseLargePagesIndividualAllocation        = false                                  {pd product} {ergonomic}

Logging:
Log output configuration:
 #0: stdout all=warning uptime,level,tags
 #1: stderr all=off uptime,level,tags

Environment Variables:
JAVA_HOME=C:\Program Files\Java\jdk-11.0.1
PATH=C:/Program Files/Java/jdk-11.0.1/bin/server;C:/Program Files/Java/jdk-11.0.1/bin;C:\windows\system32;C:\windows;C:\windows\System32\Wbem;C:\windows\System32\WindowsPowerShell\v1.0\;C:\windows\System32\OpenSSH\;C:\Program Files\Java\jdk-11.0.1\bin;C:\Users\ram\AppData\Local\Microsoft\WindowsApps;;C:\windows\system32;
USERNAME=ram
OS=Windows_NT
PROCESSOR_IDENTIFIER=Intel64 Family 6 Model 79 Stepping 1, GenuineIntel



---------------  S Y S T E M  ---------------

OS: Windows 10 , 64 bit Build 17134 (10.0.17134.1)

CPU:total 2 (initial active 2) (2 cores per cpu, 1 threads per core) family 6 model 79 stepping 1, cmov, cx8, fxsr, mmx, sse, sse2, sse3, ssse3, sse4.1, sse4.2, popcnt, avx, avx2, aes, clmul, erms, rtm, 3dnowpref, lzcnt, tsc, bmi1, bmi2, adx, fma

Memory: 4k page, system-wide physical 7167M (2432M free)
TotalPageFile size 8959M (AvailPageFile size 68M)
current process WorkingSet (physical memory assigned to process): 9M, peak: 9M
current process commit charge ("private bytes"): 47M, peak: 159M

vm_info: Java HotSpot(TM) 64-Bit Server VM (11.0.1+13-LTS) for windows-amd64 JRE (11.0.1+13-LTS), built on Oct  6 2018 13:20:16 by "mach5one" with MS VC++ 15.5 (VS2017)

END.
